Microsoft HTML Help Compiler 4.74.8702

Compiling c:\Users\djlas\Documents\TmpHtml\PaintMeAPicture.chm

about.html
credits.html
tutorial.html
Game.html
playingthegame.html
shortcuts.html
help.png
nexttopic.png
prevtopic.png
PaintMeAPicture.hhc
PaintMeAPicture.hhk
default.css
globalstyles.css

Compile time: 0 minutes, 1 second
8	Topics
26	Local links
0	Internet links
0	Graphics


Created c:\Users\djlas\Documents\TmpHtml\PaintMeAPicture.chm, 24,050 bytes
Compression decreased file by 8,646 bytes.
